<?xml version="1.0" encoding="UTF-8"?>
<!-- Generated by org.testng.reporters.JUnitReportReporter -->
<testsuite skipped="0" hostname="DESKTOP-N308L1J" name="variousConcepts.LearnTestNG" tests="1" failures="0" timestamp="17 Jan 2021 15:53:13 GMT" time="16.956" errors="0">
  <testcase name="addCustomerTest" time="16.956" classname="variousConcepts.LearnTestNG"/>
</testsuite> <!-- variousConcepts.LearnTestNG -->
